<?xml version="1.0" encoding="UTF-8"?>
<!-- Generated by org.testng.reporters.JUnitXMLReporter -->
<testsuite hostname="LAPTOP-BNLU8FNL" ignored="0" name="Default test" tests="3" failures="0" timestamp="2021-03-03T01:37:33 IST" time="27.908" errors="0">
  <testcase name="loginTest" time="3.971" classname="com.uiFramework.company.Eruinmart.testScripts.loginPage.LoginTestWithDataDrivenApproach"/>
  <testcase name="loginTest" time="4.247" classname="com.uiFramework.company.Eruinmart.testScripts.loginPage.LoginTestWithDataDrivenApproach"/>
  <testcase name="loginTest" time="0.01" classname="com.uiFramework.company.Eruinmart.testScripts.loginPage.LoginTestWithDataDrivenApproach">
    <skipped/>
  </testcase> <!-- loginTest -->
</testsuite> <!-- Default test -->
