<?xml version="1.0" encoding="UTF-8"?>
<testng-results skipped="1" failed="0" ignored="0" total="3" passed="2">
  <reporter-output>
    <line>
      <![CDATA[captureScreen method called]]>
    </line>
    <line>
      <![CDATA[<a href='C:\Users\sanjit sahoo\Eclipse wp2\latestPageObjectModelFramework-master\src\main\resources\screenShots\blank_03_03_2021_01_37_20.png'><img src='C:\Users\sanjit sahoo\Eclipse wp2\latestPageObjectModelFramework-master\src\main\resources\screenShots\blank_03_03_2021_01_37_20.png'height='100' width='100'/></a>]]>
    </line>
  </reporter-output>
  <suite name="Default suite" duration-ms="27908" started-at="2021-03-03T01:37:05 IST" finished-at="2021-03-03T01:37:33 IST">
    <groups>
    </groups>
    <test name="Default test" duration-ms="27908" started-at="2021-03-03T01:37:05 IST" finished-at="2021-03-03T01:37:33 IST">
      <class name="com.uiFramework.company.Eruinmart.testScripts.loginPage.LoginTestWithDataDrivenApproach">
        <test-method status="PASS" signature="beforeSuite()[pri:0, instance:com.uiFramework.company.Eruinmart.testScripts.loginPage.LoginTestWithDataDrivenApproach@371a67ec]" name="beforeSuite" is-config="true" duration-ms="212" started-at="2021-03-03T01:37:05 IST" finished-at="2021-03-03T01:37:05 IST">
          <reporter-output>
          </reporter-output>
        </test-method> <!-- beforeSuite -->
        <test-method status="PASS" signature="beforeTest()[pri:0, instance:com.uiFramework.company.Eruinmart.testScripts.loginPage.LoginTestWithDataDrivenApproach@371a67ec]" name="beforeTest" is-config="true" duration-ms="7419" started-at="2021-03-03T01:37:05 IST" finished-at="2021-03-03T01:37:13 IST">
          <reporter-output>
          </reporter-output>
        </test-method> <!-- beforeTest -->
        <test-method status="PASS" signature="beforeClass()[pri:0, instance:com.uiFramework.company.Eruinmart.testScripts.loginPage.LoginTestWithDataDrivenApproach@371a67ec]" name="beforeClass" is-config="true" duration-ms="8051" started-at="2021-03-03T01:37:13 IST" finished-at="2021-03-03T01:37:21 IST">
          <reporter-output>
            <line>
              <![CDATA[captureScreen method called]]>
            </line>
            <line>
              <![CDATA[<a href='C:\Users\sanjit sahoo\Eclipse wp2\latestPageObjectModelFramework-master\src\main\resources\screenShots\blank_03_03_2021_01_37_20.png'><img src='C:\Users\sanjit sahoo\Eclipse wp2\latestPageObjectModelFramework-master\src\main\resources\screenShots\blank_03_03_2021_01_37_20.png'height='100' width='100'/></a>]]>
            </line>
          </reporter-output>
        </test-method> <!-- beforeClass -->
        <test-method status="PASS" signature="beforeMethod(java.lang.reflect.Method)[pri:0, instance:com.uiFramework.company.Eruinmart.testScripts.loginPage.LoginTestWithDataDrivenApproach@371a67ec]" name="beforeMethod" is-config="true" duration-ms="4" started-at="2021-03-03T01:37:22 IST" finished-at="2021-03-03T01:37:22 IST">
          <params>
            <param index="0">
              <value>
                <![CDATA[public void com.uiFramework.company.Eruinmart.testScripts.loginPage.LoginTestWithDataDrivenApproach.loginTest(java.lang.String,java.lang.String,java.lang.String)]]>
              </value>
            </param>
          </params>
          <reporter-output>
          </reporter-output>
        </test-method> <!-- beforeMethod -->
        <test-method status="PASS" signature="loginTest(java.lang.String, java.lang.String, java.lang.String)[pri:0, instance:com.uiFramework.company.Eruinmart.testScripts.loginPage.LoginTestWithDataDrivenApproach@371a67ec]" name="loginTest" duration-ms="3971" started-at="2021-03-03T01:37:22 IST" data-provider="testData" finished-at="2021-03-03T01:37:26 IST">
          <params>
            <param index="0">
              <value>
                <![CDATA[sanjitsanju1996@gmail.com]]>
              </value>
            </param>
            <param index="1">
              <value>
                <![CDATA[Sanju@12]]>
              </value>
            </param>
            <param index="2">
              <value>
                <![CDATA[Y]]>
              </value>
            </param>
          </params>
          <reporter-output>
          </reporter-output>
        </test-method> <!-- loginTest -->
        <test-method status="PASS" signature="afterMethod(org.testng.ITestResult)[pri:0, instance:com.uiFramework.company.Eruinmart.testScripts.loginPage.LoginTestWithDataDrivenApproach@371a67ec]" name="afterMethod" is-config="true" duration-ms="963" started-at="2021-03-03T01:37:26 IST" finished-at="2021-03-03T01:37:27 IST">
          <params>
            <param index="0">
              <value>
                <![CDATA[[TestResult name=loginTest status=SUCCESS method=LoginTestWithDataDrivenApproach.loginTest(java.lang.String, java.lang.String, java.lang.String)[pri:0, instance:com.uiFramework.company.Eruinmart.testScripts.loginPage.LoginTestWithDataDrivenApproach@371a67ec] output={null}]]]>
              </value>
            </param>
          </params>
          <reporter-output>
          </reporter-output>
        </test-method> <!-- afterMethod -->
        <test-method status="PASS" signature="beforeMethod(java.lang.reflect.Method)[pri:0, instance:com.uiFramework.company.Eruinmart.testScripts.loginPage.LoginTestWithDataDrivenApproach@371a67ec]" name="beforeMethod" is-config="true" duration-ms="4" started-at="2021-03-03T01:37:27 IST" finished-at="2021-03-03T01:37:27 IST">
          <params>
            <param index="0">
              <value>
                <![CDATA[public void com.uiFramework.company.Eruinmart.testScripts.loginPage.LoginTestWithDataDrivenApproach.loginTest(java.lang.String,java.lang.String,java.lang.String)]]>
              </value>
            </param>
          </params>
          <reporter-output>
          </reporter-output>
        </test-method> <!-- beforeMethod -->
        <test-method status="PASS" signature="loginTest(java.lang.String, java.lang.String, java.lang.String)[pri:0, instance:com.uiFramework.company.Eruinmart.testScripts.loginPage.LoginTestWithDataDrivenApproach@371a67ec]" name="loginTest" duration-ms="4247" started-at="2021-03-03T01:37:27 IST" data-provider="testData" finished-at="2021-03-03T01:37:31 IST">
          <params>
            <param index="0">
              <value>
                <![CDATA[sanjitsanju1996@gmail.com]]>
              </value>
            </param>
            <param index="1">
              <value>
                <![CDATA[Sanju@12]]>
              </value>
            </param>
            <param index="2">
              <value>
                <![CDATA[Y]]>
              </value>
            </param>
          </params>
          <reporter-output>
          </reporter-output>
        </test-method> <!-- loginTest -->
        <test-method status="PASS" signature="afterMethod(org.testng.ITestResult)[pri:0, instance:com.uiFramework.company.Eruinmart.testScripts.loginPage.LoginTestWithDataDrivenApproach@371a67ec]" name="afterMethod" is-config="true" duration-ms="178" started-at="2021-03-03T01:37:31 IST" finished-at="2021-03-03T01:37:32 IST">
          <params>
            <param index="0">
              <value>
                <![CDATA[[TestResult name=loginTest status=SUCCESS method=LoginTestWithDataDrivenApproach.loginTest(java.lang.String, java.lang.String, java.lang.String)[pri:0, instance:com.uiFramework.company.Eruinmart.testScripts.loginPage.LoginTestWithDataDrivenApproach@371a67ec] output={null}]]]>
              </value>
            </param>
          </params>
          <reporter-output>
          </reporter-output>
        </test-method> <!-- afterMethod -->
        <test-method status="PASS" signature="beforeMethod(java.lang.reflect.Method)[pri:0, instance:com.uiFramework.company.Eruinmart.testScripts.loginPage.LoginTestWithDataDrivenApproach@371a67ec]" name="beforeMethod" is-config="true" duration-ms="4" started-at="2021-03-03T01:37:32 IST" finished-at="2021-03-03T01:37:32 IST">
          <params>
            <param index="0">
              <value>
                <![CDATA[public void com.uiFramework.company.Eruinmart.testScripts.loginPage.LoginTestWithDataDrivenApproach.loginTest(java.lang.String,java.lang.String,java.lang.String)]]>
              </value>
            </param>
          </params>
          <reporter-output>
          </reporter-output>
        </test-method> <!-- beforeMethod -->
        <test-method status="SKIP" signature="loginTest(java.lang.String, java.lang.String, java.lang.String)[pri:0, instance:com.uiFramework.company.Eruinmart.testScripts.loginPage.LoginTestWithDataDrivenApproach@371a67ec]" name="loginTest" duration-ms="10" started-at="2021-03-03T01:37:32 IST" data-provider="testData" finished-at="2021-03-03T01:37:32 IST">
          <params>
            <param index="0">
              <value>
                <![CDATA[sanjitsanju1996@gmail.com]]>
              </value>
            </param>
            <param index="1">
              <value>
                <![CDATA[Sanju@14]]>
              </value>
            </param>
            <param index="2">
              <value>
                <![CDATA[N]]>
              </value>
            </param>
          </params>
          <exception class="org.testng.SkipException">
            <message>
              <![CDATA[Run mode for this set of data is marked N]]>
            </message>
            <full-stacktrace>
              <![CDATA[org.testng.SkipException: Run mode for this set of data is marked N
at com.uiFramework.company.Eruinmart.testScripts.loginPage.LoginTestWithDataDrivenApproach.loginTest(LoginTestWithDataDrivenApproach.java:35)
at sun.reflect.NativeMethodAccessorImpl.invoke0(Native Method)
at sun.reflect.NativeMethodAccessorImpl.invoke(NativeMethodAccessorImpl.java:62)
at sun.reflect.DelegatingMethodAccessorImpl.invoke(DelegatingMethodAccessorImpl.java:43)
at java.lang.reflect.Method.invoke(Method.java:498)
at org.testng.internal.MethodInvocationHelper.invokeMethod(MethodInvocationHelper.java:132)
at org.testng.internal.TestInvoker.invokeMethod(TestInvoker.java:599)
at org.testng.internal.TestInvoker.invokeTestMethod(TestInvoker.java:174)
at org.testng.internal.MethodRunner.runInSequence(MethodRunner.java:46)
at org.testng.internal.TestInvoker$MethodInvocationAgent.invoke(TestInvoker.java:822)
at org.testng.internal.TestInvoker.invokeTestMethods(TestInvoker.java:147)
at org.testng.internal.TestMethodWorker.invokeTestMethods(TestMethodWorker.java:146)
at org.testng.internal.TestMethodWorker.run(TestMethodWorker.java:128)
at java.util.ArrayList.forEach(ArrayList.java:1257)
at org.testng.TestRunner.privateRun(TestRunner.java:764)
at org.testng.TestRunner.run(TestRunner.java:585)
at org.testng.SuiteRunner.runTest(SuiteRunner.java:384)
at org.testng.SuiteRunner.runSequentially(SuiteRunner.java:378)
at org.testng.SuiteRunner.privateRun(SuiteRunner.java:337)
at org.testng.SuiteRunner.run(SuiteRunner.java:286)
at org.testng.SuiteRunnerWorker.runSuite(SuiteRunnerWorker.java:53)
at org.testng.SuiteRunnerWorker.run(SuiteRunnerWorker.java:96)
at org.testng.TestNG.runSuitesSequentially(TestNG.java:1218)
at org.testng.TestNG.runSuitesLocally(TestNG.java:1140)
at org.testng.TestNG.runSuites(TestNG.java:1069)
at org.testng.TestNG.run(TestNG.java:1037)
at org.testng.remote.AbstractRemoteTestNG.run(AbstractRemoteTestNG.java:115)
at org.testng.remote.RemoteTestNG.initAndRun(RemoteTestNG.java:251)
at org.testng.remote.RemoteTestNG.main(RemoteTestNG.java:77)
]]>
            </full-stacktrace>
          </exception> <!-- org.testng.SkipException -->
          <reporter-output>
          </reporter-output>
        </test-method> <!-- loginTest -->
        <test-method status="PASS" signature="afterMethod(org.testng.ITestResult)[pri:0, instance:com.uiFramework.company.Eruinmart.testScripts.loginPage.LoginTestWithDataDrivenApproach@371a67ec]" name="afterMethod" is-config="true" duration-ms="207" started-at="2021-03-03T01:37:32 IST" finished-at="2021-03-03T01:37:32 IST">
          <params>
            <param index="0">
              <value>
                <![CDATA[[TestResult name=loginTest status=SKIP method=LoginTestWithDataDrivenApproach.loginTest(java.lang.String, java.lang.String, java.lang.String)[pri:0, instance:com.uiFramework.company.Eruinmart.testScripts.loginPage.LoginTestWithDataDrivenApproach@371a67ec] output={null}]]]>
              </value>
            </param>
          </params>
          <reporter-output>
          </reporter-output>
        </test-method> <!-- afterMethod -->
        <test-method status="PASS" signature="afterTest()[pri:0, instance:com.uiFramework.company.Eruinmart.testScripts.loginPage.LoginTestWithDataDrivenApproach@371a67ec]" name="afterTest" is-config="true" duration-ms="1147" started-at="2021-03-03T01:37:32 IST" finished-at="2021-03-03T01:37:33 IST">
          <reporter-output>
          </reporter-output>
        </test-method> <!-- afterTest -->
      </class> <!-- com.uiFramework.company.Eruinmart.testScripts.loginPage.LoginTestWithDataDrivenApproach -->
    </test> <!-- Default test -->
  </suite> <!-- Default suite -->
</testng-results>
